[0.216s] DEBUG:colcon:Command line arguments: ['/usr/bin/colcon', 'build']
[0.216s] DEBUG:colcon:Parsed command line arguments: Namespace(allow_overriding=[], ament_cmake_args=None, base_paths=['.'], build_base='build', catkin_cmake_args=None, catkin_skip_building_tests=False, cmake_args=None, cmake_clean_cache=False, cmake_clean_first=False, cmake_force_configure=False, cmake_target=None, cmake_target_skip_unavailable=False, continue_on_error=False, event_handlers=None, executor='parallel', ignore_user_meta=False, install_base='install', log_base=None, log_level=None, main=<bound method BuildVerb.main of <colcon_core.verb.build.BuildVerb object at 0x7f6918392700>>, merge_install=False, metas=['./colcon.meta'], packages_above=None, packages_above_and_dependencies=None, packages_above_depth=None, packages_end=None, packages_ignore=None, packages_ignore_regex=None, packages_select=None, packages_select_build_failed=False, packages_select_by_dep=None, packages_select_regex=None, packages_select_test_failures=False, packages_skip=None, packages_skip_build_finished=False, packages_skip_by_dep=None, packages_skip_regex=None, packages_skip_test_passed=False, packages_skip_up_to=None, packages_start=None, packages_up_to=None, packages_up_to_regex=None, parallel_workers=12, paths=None, symlink_install=False, test_result_base=None, verb_extension=<colcon_core.verb.build.BuildVerb object at 0x7f6918392700>, verb_name='build', verb_parser=<colcon_defaults.argument_parser.defaults.DefaultArgumentsDecorator object at 0x7f6918278430>)
[0.442s] Level 1:colcon.colcon_core.package_discovery:discover_packages(colcon_meta) check parameters
[0.442s] Level 1:colcon.colcon_core.package_discovery:discover_packages(recursive) check parameters
[0.442s] Level 1:colcon.colcon_core.package_discovery:discover_packages(ignore) check parameters
[0.442s] Level 1:colcon.colcon_core.package_discovery:discover_packages(path) check parameters
[0.442s] Level 1:colcon.colcon_core.package_discovery:discover_packages(colcon_meta) discover
[0.442s] Level 1:colcon.colcon_core.package_discovery:discover_packages(recursive) discover
[0.443s] INFO:colcon.colcon_core.package_discovery:Crawling recursively for packages in '/home/bensalem/paltech_assignment'
[0.443s] Level 1:colcon.colcon_core.package_identification:_identify(.) by extensions ['ignore', 'ignore_ament_install']
[0.443s] Level 1:colcon.colcon_core.package_identification:_identify(.) by extension 'ignore'
[0.443s] Level 1:colcon.colcon_core.package_identification:_identify(.) by extension 'ignore_ament_install'
[0.443s] Level 1:colcon.colcon_core.package_identification:_identify(.) by extensions ['colcon_pkg']
[0.443s] Level 1:colcon.colcon_core.package_identification:_identify(.) by extension 'colcon_pkg'
[0.443s] Level 1:colcon.colcon_core.package_identification:_identify(.) by extensions ['colcon_meta']
[0.443s] Level 1:colcon.colcon_core.package_identification:_identify(.) by extension 'colcon_meta'
[0.443s] Level 1:colcon.colcon_core.package_identification:_identify(.) by extensions ['ros']
[0.443s] Level 1:colcon.colcon_core.package_identification:_identify(.) by extension 'ros'
[0.457s] Level 1:colcon.colcon_core.package_identification:_identify(.) by extensions ['cmake', 'python']
[0.458s] Level 1:colcon.colcon_core.package_identification:_identify(.) by extension 'cmake'
[0.458s] Level 1:colcon.colcon_core.package_identification:_identify(.) by extension 'python'
[0.458s] Level 1:colcon.colcon_core.package_identification:_identify(.) by extensions ['python_setup_py']
[0.458s] Level 1:colcon.colcon_core.package_identification:_identify(.) by extension 'python_setup_py'
[0.458s] Level 1:colcon.colcon_core.package_identification:_identify(build) by extensions ['ignore', 'ignore_ament_install']
[0.458s] Level 1:colcon.colcon_core.package_identification:_identify(build) by extension 'ignore'
[0.458s] Level 1:colcon.colcon_core.package_identification:_identify(build) ignored
[0.458s] Level 1:colcon.colcon_core.package_identification:_identify(install) by extensions ['ignore', 'ignore_ament_install']
[0.458s] Level 1:colcon.colcon_core.package_identification:_identify(install) by extension 'ignore'
[0.458s] Level 1:colcon.colcon_core.package_identification:_identify(install) ignored
[0.458s] Level 1:colcon.colcon_core.package_identification:_identify(log) by extensions ['ignore', 'ignore_ament_install']
[0.459s] Level 1:colcon.colcon_core.package_identification:_identify(log) by extension 'ignore'
[0.459s] Level 1:colcon.colcon_core.package_identification:_identify(log) ignored
[0.459s] Level 1:colcon.colcon_core.package_identification:_identify(src) by extensions ['ignore', 'ignore_ament_install']
[0.459s] Level 1:colcon.colcon_core.package_identification:_identify(src) by extension 'ignore'
[0.459s] Level 1:colcon.colcon_core.package_identification:_identify(src) by extension 'ignore_ament_install'
[0.459s] Level 1:colcon.colcon_core.package_identification:_identify(src) by extensions ['colcon_pkg']
[0.459s] Level 1:colcon.colcon_core.package_identification:_identify(src) by extension 'colcon_pkg'
[0.459s] Level 1:colcon.colcon_core.package_identification:_identify(src) by extensions ['colcon_meta']
[0.459s] Level 1:colcon.colcon_core.package_identification:_identify(src) by extension 'colcon_meta'
[0.459s] Level 1:colcon.colcon_core.package_identification:_identify(src) by extensions ['ros']
[0.460s] Level 1:colcon.colcon_core.package_identification:_identify(src) by extension 'ros'
[0.460s] Level 1:colcon.colcon_core.package_identification:_identify(src) by extensions ['cmake', 'python']
[0.460s] Level 1:colcon.colcon_core.package_identification:_identify(src) by extension 'cmake'
[0.460s] Level 1:colcon.colcon_core.package_identification:_identify(src) by extension 'python'
[0.460s] Level 1:colcon.colcon_core.package_identification:_identify(src) by extensions ['python_setup_py']
[0.460s] Level 1:colcon.colcon_core.package_identification:_identify(src) by extension 'python_setup_py'
[0.461s] Level 1:colcon.colcon_core.package_identification:_identify(src/custom_interfaces) by extensions ['ignore', 'ignore_ament_install']
[0.461s] Level 1:colcon.colcon_core.package_identification:_identify(src/custom_interfaces) by extension 'ignore'
[0.461s] Level 1:colcon.colcon_core.package_identification:_identify(src/custom_interfaces) by extension 'ignore_ament_install'
[0.461s] Level 1:colcon.colcon_core.package_identification:_identify(src/custom_interfaces) by extensions ['colcon_pkg']
[0.461s] Level 1:colcon.colcon_core.package_identification:_identify(src/custom_interfaces) by extension 'colcon_pkg'
[0.461s] Level 1:colcon.colcon_core.package_identification:_identify(src/custom_interfaces) by extensions ['colcon_meta']
[0.461s] Level 1:colcon.colcon_core.package_identification:_identify(src/custom_interfaces) by extension 'colcon_meta'
[0.461s] Level 1:colcon.colcon_core.package_identification:_identify(src/custom_interfaces) by extensions ['ros']
[0.461s] Level 1:colcon.colcon_core.package_identification:_identify(src/custom_interfaces) by extension 'ros'
[0.469s] DEBUG:colcon.colcon_core.package_identification:Package 'src/custom_interfaces' with type 'ros.ament_cmake' and name 'custom_interfaces'
[0.470s] Level 1:colcon.colcon_core.package_identification:_identify(src/paltech_assignment) by extensions ['ignore', 'ignore_ament_install']
[0.470s] Level 1:colcon.colcon_core.package_identification:_identify(src/paltech_assignment) by extension 'ignore'
[0.470s] Level 1:colcon.colcon_core.package_identification:_identify(src/paltech_assignment) by extension 'ignore_ament_install'
[0.470s] Level 1:colcon.colcon_core.package_identification:_identify(src/paltech_assignment) by extensions ['colcon_pkg']
[0.470s] Level 1:colcon.colcon_core.package_identification:_identify(src/paltech_assignment) by extension 'colcon_pkg'
[0.470s] Level 1:colcon.colcon_core.package_identification:_identify(src/paltech_assignment) by extensions ['colcon_meta']
[0.470s] Level 1:colcon.colcon_core.package_identification:_identify(src/paltech_assignment) by extension 'colcon_meta'
[0.470s] Level 1:colcon.colcon_core.package_identification:_identify(src/paltech_assignment) by extensions ['ros']
[0.470s] Level 1:colcon.colcon_core.package_identification:_identify(src/paltech_assignment) by extension 'ros'
[0.471s] DEBUG:colcon.colcon_core.package_identification:Package 'src/paltech_assignment' with type 'ros.ament_python' and name 'paltech_assignment'
[0.471s] Level 1:colcon.colcon_core.package_discovery:discover_packages(recursive) using defaults
[0.472s] Level 1:colcon.colcon_core.package_discovery:discover_packages(ignore) discover
[0.472s] Level 1:colcon.colcon_core.package_discovery:discover_packages(ignore) using defaults
[0.472s] Level 1:colcon.colcon_core.package_discovery:discover_packages(path) discover
[0.472s] Level 1:colcon.colcon_core.package_discovery:discover_packages(path) using defaults
[0.496s] Level 1:colcon.colcon_core.package_discovery:discover_packages(prefix_path) check parameters
[0.496s] Level 1:colcon.colcon_core.package_discovery:discover_packages(prefix_path) discover
[0.498s] WARNING:colcon.colcon_ros.prefix_path.catkin:The path '/opt/ros/noetic' in the environment variable CMAKE_PREFIX_PATH doesn't exist
[0.501s] DEBUG:colcon.colcon_installed_package_information.package_discovery:Found 256 installed packages in /opt/ros/foxy
[0.502s] Level 1:colcon.colcon_core.package_discovery:discover_packages(prefix_path) using defaults
[0.635s] Level 5:colcon.colcon_core.verb:set package 'custom_interfaces' build argument 'cmake_args' from command line to 'None'
[0.635s] Level 5:colcon.colcon_core.verb:set package 'custom_interfaces' build argument 'cmake_target' from command line to 'None'
[0.635s] Level 5:colcon.colcon_core.verb:set package 'custom_interfaces' build argument 'cmake_target_skip_unavailable' from command line to 'False'
[0.635s] Level 5:colcon.colcon_core.verb:set package 'custom_interfaces' build argument 'cmake_clean_cache' from command line to 'False'
[0.635s] Level 5:colcon.colcon_core.verb:set package 'custom_interfaces' build argument 'cmake_clean_first' from command line to 'False'
[0.635s] Level 5:colcon.colcon_core.verb:set package 'custom_interfaces' build argument 'cmake_force_configure' from command line to 'False'
[0.635s] Level 5:colcon.colcon_core.verb:set package 'custom_interfaces' build argument 'ament_cmake_args' from command line to 'None'
[0.635s] Level 5:colcon.colcon_core.verb:set package 'custom_interfaces' build argument 'catkin_cmake_args' from command line to 'None'
[0.635s] Level 5:colcon.colcon_core.verb:set package 'custom_interfaces' build argument 'catkin_skip_building_tests' from command line to 'False'
[0.635s] DEBUG:colcon.colcon_core.verb:Building package 'custom_interfaces' with the following arguments: {'ament_cmake_args': None, 'build_base': '/home/bensalem/paltech_assignment/build/custom_interfaces', 'catkin_cmake_args': None, 'catkin_skip_building_tests': False, 'cmake_args': None, 'cmake_clean_cache': False, 'cmake_clean_first': False, 'cmake_force_configure': False, 'cmake_target': None, 'cmake_target_skip_unavailable': False, 'install_base': '/home/bensalem/paltech_assignment/install/custom_interfaces', 'merge_install': False, 'path': '/home/bensalem/paltech_assignment/src/custom_interfaces', 'symlink_install': False, 'test_result_base': None}
[0.635s] Level 5:colcon.colcon_core.verb:set package 'paltech_assignment' build argument 'cmake_args' from command line to 'None'
[0.635s] Level 5:colcon.colcon_core.verb:set package 'paltech_assignment' build argument 'cmake_target' from command line to 'None'
[0.635s] Level 5:colcon.colcon_core.verb:set package 'paltech_assignment' build argument 'cmake_target_skip_unavailable' from command line to 'False'
[0.635s] Level 5:colcon.colcon_core.verb:set package 'paltech_assignment' build argument 'cmake_clean_cache' from command line to 'False'
[0.635s] Level 5:colcon.colcon_core.verb:set package 'paltech_assignment' build argument 'cmake_clean_first' from command line to 'False'
[0.635s] Level 5:colcon.colcon_core.verb:set package 'paltech_assignment' build argument 'cmake_force_configure' from command line to 'False'
[0.635s] Level 5:colcon.colcon_core.verb:set package 'paltech_assignment' build argument 'ament_cmake_args' from command line to 'None'
[0.635s] Level 5:colcon.colcon_core.verb:set package 'paltech_assignment' build argument 'catkin_cmake_args' from command line to 'None'
[0.635s] Level 5:colcon.colcon_core.verb:set package 'paltech_assignment' build argument 'catkin_skip_building_tests' from command line to 'False'
[0.635s] DEBUG:colcon.colcon_core.verb:Building package 'paltech_assignment' with the following arguments: {'ament_cmake_args': None, 'build_base': '/home/bensalem/paltech_assignment/build/paltech_assignment', 'catkin_cmake_args': None, 'catkin_skip_building_tests': False, 'cmake_args': None, 'cmake_clean_cache': False, 'cmake_clean_first': False, 'cmake_force_configure': False, 'cmake_target': None, 'cmake_target_skip_unavailable': False, 'install_base': '/home/bensalem/paltech_assignment/install/paltech_assignment', 'merge_install': False, 'path': '/home/bensalem/paltech_assignment/src/paltech_assignment', 'symlink_install': False, 'test_result_base': None}
[0.636s] INFO:colcon.colcon_core.executor:Executing jobs using 'parallel' executor
[0.636s] DEBUG:colcon.colcon_parallel_executor.executor.parallel:run_until_complete
[0.637s] INFO:colcon.colcon_ros.task.ament_cmake.build:Building ROS package in '/home/bensalem/paltech_assignment/src/custom_interfaces' with build type 'ament_cmake'
[0.638s] INFO:colcon.colcon_cmake.task.cmake.build:Building CMake package in '/home/bensalem/paltech_assignment/src/custom_interfaces'
[0.643s] INFO:colcon.colcon_core.plugin_system:Skipping extension 'colcon_core.shell.bat': Not used on non-Windows systems
[0.643s] INFO:colcon.colcon_core.shell:Skip shell extension 'powershell' for command environment: Not usable outside of PowerShell
[0.643s] DEBUG:colcon.colcon_core.shell:Skip shell extension 'dsv' for command environment
[0.648s] INFO:colcon.colcon_ros.task.ament_python.build:Building ROS package in '/home/bensalem/paltech_assignment/src/paltech_assignment' with build type 'ament_python'
[0.648s] Level 1:colcon.colcon_core.shell:create_environment_hook('paltech_assignment', 'ament_prefix_path')
[0.649s] INFO:colcon.colcon_core.shell:Creating environment hook '/home/bensalem/paltech_assignment/install/paltech_assignment/share/paltech_assignment/hook/ament_prefix_path.ps1'
[0.653s] INFO:colcon.colcon_core.shell:Creating environment descriptor '/home/bensalem/paltech_assignment/install/paltech_assignment/share/paltech_assignment/hook/ament_prefix_path.dsv'
[0.653s] INFO:colcon.colcon_core.shell:Creating environment hook '/home/bensalem/paltech_assignment/install/paltech_assignment/share/paltech_assignment/hook/ament_prefix_path.sh'
[0.655s] INFO:colcon.colcon_core.shell:Skip shell extension 'powershell' for command environment: Not usable outside of PowerShell
[0.655s] DEBUG:colcon.colcon_core.shell:Skip shell extension 'dsv' for command environment
[0.664s] DEBUG:colcon.colcon_core.event_handler.log_command:Invoking command in '/home/bensalem/paltech_assignment/build/custom_interfaces': CMAKE_PREFIX_PATH=${CMAKE_PREFIX_PATH}:/opt/ros/foxy WSLENV=ELECTRON_RUN_AS_NODE/w: /usr/bin/cmake /home/bensalem/paltech_assignment/src/custom_interfaces -DCMAKE_INSTALL_PREFIX=/home/bensalem/paltech_assignment/install/custom_interfaces
[0.848s] INFO:colcon.colcon_core.task.python.build:Building Python package in '/home/bensalem/paltech_assignment/src/paltech_assignment'
[0.849s] INFO:colcon.colcon_core.shell:Skip shell extension 'powershell' for command environment: Not usable outside of PowerShell
[0.849s] DEBUG:colcon.colcon_core.shell:Skip shell extension 'dsv' for command environment
[1.363s] DEBUG:colcon.colcon_core.event_handler.log_command:Invoking command in '/home/bensalem/paltech_assignment/src/paltech_assignment': PYTHONPATH=/home/bensalem/paltech_assignment/build/paltech_assignment/prefix_override:/usr/lib/python3/dist-packages/colcon_core/task/python/colcon_distutils_commands:/home/bensalem/paltech_assignment/install/paltech_assignment/lib/python3.8/site-packages:${PYTHONPATH} WSLENV=ELECTRON_RUN_AS_NODE/w: /usr/bin/python3 -W ignore:setup.py install is deprecated setup.py egg_info --egg-base ../../build/paltech_assignment build --build-base /home/bensalem/paltech_assignment/build/paltech_assignment/build install --record /home/bensalem/paltech_assignment/build/paltech_assignment/install.log --single-version-externally-managed install_data
[1.609s] DEBUG:colcon.colcon_core.event_handler.log_command:Invoked command in '/home/bensalem/paltech_assignment/src/paltech_assignment' returned '0': PYTHONPATH=/home/bensalem/paltech_assignment/build/paltech_assignment/prefix_override:/usr/lib/python3/dist-packages/colcon_core/task/python/colcon_distutils_commands:/home/bensalem/paltech_assignment/install/paltech_assignment/lib/python3.8/site-packages:${PYTHONPATH} WSLENV=ELECTRON_RUN_AS_NODE/w: /usr/bin/python3 -W ignore:setup.py install is deprecated setup.py egg_info --egg-base ../../build/paltech_assignment build --build-base /home/bensalem/paltech_assignment/build/paltech_assignment/build install --record /home/bensalem/paltech_assignment/build/paltech_assignment/install.log --single-version-externally-managed install_data
[1.613s] Level 1:colcon.colcon_core.environment:checking '/home/bensalem/paltech_assignment/install/paltech_assignment' for CMake module files
[1.614s] Level 1:colcon.colcon_core.environment:checking '/home/bensalem/paltech_assignment/install/paltech_assignment' for CMake config files
[1.614s] Level 1:colcon.colcon_core.environment:checking '/home/bensalem/paltech_assignment/install/paltech_assignment/lib'
[1.615s] Level 1:colcon.colcon_core.environment:checking '/home/bensalem/paltech_assignment/install/paltech_assignment/bin'
[1.615s] Level 1:colcon.colcon_core.environment:checking '/home/bensalem/paltech_assignment/install/paltech_assignment/lib/pkgconfig/paltech_assignment.pc'
[1.615s] Level 1:colcon.colcon_core.environment:checking '/home/bensalem/paltech_assignment/install/paltech_assignment/lib/python3.8/site-packages'
[1.615s] Level 1:colcon.colcon_core.shell:create_environment_hook('paltech_assignment', 'pythonpath')
[1.615s] INFO:colcon.colcon_core.shell:Creating environment hook '/home/bensalem/paltech_assignment/install/paltech_assignment/share/paltech_assignment/hook/pythonpath.ps1'
[1.616s] INFO:colcon.colcon_core.shell:Creating environment descriptor '/home/bensalem/paltech_assignment/install/paltech_assignment/share/paltech_assignment/hook/pythonpath.dsv'
[1.616s] INFO:colcon.colcon_core.shell:Creating environment hook '/home/bensalem/paltech_assignment/install/paltech_assignment/share/paltech_assignment/hook/pythonpath.sh'
[1.617s] Level 1:colcon.colcon_core.environment:checking '/home/bensalem/paltech_assignment/install/paltech_assignment/bin'
[1.617s] Level 1:colcon.colcon_core.environment:create_environment_scripts_only(paltech_assignment)
[1.617s] INFO:colcon.colcon_core.shell:Creating package script '/home/bensalem/paltech_assignment/install/paltech_assignment/share/paltech_assignment/package.ps1'
[1.618s] INFO:colcon.colcon_core.shell:Creating package descriptor '/home/bensalem/paltech_assignment/install/paltech_assignment/share/paltech_assignment/package.dsv'
[1.619s] INFO:colcon.colcon_core.shell:Creating package script '/home/bensalem/paltech_assignment/install/paltech_assignment/share/paltech_assignment/package.sh'
[1.620s] INFO:colcon.colcon_core.shell:Creating package script '/home/bensalem/paltech_assignment/install/paltech_assignment/share/paltech_assignment/package.bash'
[1.621s] INFO:colcon.colcon_core.shell:Creating package script '/home/bensalem/paltech_assignment/install/paltech_assignment/share/paltech_assignment/package.zsh'
[1.622s] Level 1:colcon.colcon_core.environment:create_file_with_runtime_dependencies(/home/bensalem/paltech_assignment/install/paltech_assignment/share/colcon-core/packages/paltech_assignment)
[9.333s] DEBUG:colcon.colcon_core.event_handler.log_command:Invoked command in '/home/bensalem/paltech_assignment/build/custom_interfaces' returned '0': CMAKE_PREFIX_PATH=${CMAKE_PREFIX_PATH}:/opt/ros/foxy WSLENV=ELECTRON_RUN_AS_NODE/w: /usr/bin/cmake /home/bensalem/paltech_assignment/src/custom_interfaces -DCMAKE_INSTALL_PREFIX=/home/bensalem/paltech_assignment/install/custom_interfaces
[9.335s] DEBUG:colcon.colcon_core.event_handler.log_command:Invoking command in '/home/bensalem/paltech_assignment/build/custom_interfaces': CMAKE_PREFIX_PATH=${CMAKE_PREFIX_PATH}:/opt/ros/foxy WSLENV=ELECTRON_RUN_AS_NODE/w: /usr/bin/cmake --build /home/bensalem/paltech_assignment/build/custom_interfaces -- -j12 -l12
[12.883s] DEBUG:colcon.colcon_core.event_handler.log_command:Invoked command in '/home/bensalem/paltech_assignment/build/custom_interfaces' returned '0': CMAKE_PREFIX_PATH=${CMAKE_PREFIX_PATH}:/opt/ros/foxy WSLENV=ELECTRON_RUN_AS_NODE/w: /usr/bin/cmake --build /home/bensalem/paltech_assignment/build/custom_interfaces -- -j12 -l12
[12.975s] DEBUG:colcon.colcon_core.event_handler.log_command:Invoking command in '/home/bensalem/paltech_assignment/build/custom_interfaces': CMAKE_PREFIX_PATH=${CMAKE_PREFIX_PATH}:/opt/ros/foxy WSLENV=ELECTRON_RUN_AS_NODE/w: /usr/bin/cmake --install /home/bensalem/paltech_assignment/build/custom_interfaces
[13.048s] Level 1:colcon.colcon_core.environment:create_environment_scripts_only(custom_interfaces)
[13.049s] Level 1:colcon.colcon_core.environment:checking '/home/bensalem/paltech_assignment/install/custom_interfaces' for CMake module files
[13.050s] DEBUG:colcon.colcon_core.event_handler.log_command:Invoked command in '/home/bensalem/paltech_assignment/build/custom_interfaces' returned '0': CMAKE_PREFIX_PATH=${CMAKE_PREFIX_PATH}:/opt/ros/foxy WSLENV=ELECTRON_RUN_AS_NODE/w: /usr/bin/cmake --install /home/bensalem/paltech_assignment/build/custom_interfaces
[13.050s] Level 1:colcon.colcon_core.environment:checking '/home/bensalem/paltech_assignment/install/custom_interfaces' for CMake config files
[13.050s] Level 1:colcon.colcon_core.shell:create_environment_hook('custom_interfaces', 'cmake_prefix_path')
[13.051s] INFO:colcon.colcon_core.shell:Creating environment hook '/home/bensalem/paltech_assignment/install/custom_interfaces/share/custom_interfaces/hook/cmake_prefix_path.ps1'
[13.051s] INFO:colcon.colcon_core.shell:Creating environment descriptor '/home/bensalem/paltech_assignment/install/custom_interfaces/share/custom_interfaces/hook/cmake_prefix_path.dsv'
[13.052s] INFO:colcon.colcon_core.shell:Creating environment hook '/home/bensalem/paltech_assignment/install/custom_interfaces/share/custom_interfaces/hook/cmake_prefix_path.sh'
[13.052s] Level 1:colcon.colcon_core.environment:checking '/home/bensalem/paltech_assignment/install/custom_interfaces/lib'
[13.052s] Level 1:colcon.colcon_core.shell:create_environment_hook('custom_interfaces', 'ld_library_path_lib')
[13.052s] INFO:colcon.colcon_core.shell:Creating environment hook '/home/bensalem/paltech_assignment/install/custom_interfaces/share/custom_interfaces/hook/ld_library_path_lib.ps1'
[13.053s] INFO:colcon.colcon_core.shell:Creating environment descriptor '/home/bensalem/paltech_assignment/install/custom_interfaces/share/custom_interfaces/hook/ld_library_path_lib.dsv'
[13.053s] INFO:colcon.colcon_core.shell:Creating environment hook '/home/bensalem/paltech_assignment/install/custom_interfaces/share/custom_interfaces/hook/ld_library_path_lib.sh'
[13.053s] Level 1:colcon.colcon_core.environment:checking '/home/bensalem/paltech_assignment/install/custom_interfaces/bin'
[13.053s] Level 1:colcon.colcon_core.environment:checking '/home/bensalem/paltech_assignment/install/custom_interfaces/lib/pkgconfig/custom_interfaces.pc'
[13.054s] Level 1:colcon.colcon_core.environment:checking '/home/bensalem/paltech_assignment/install/custom_interfaces/lib/python3.8/site-packages'
[13.054s] Level 1:colcon.colcon_core.shell:create_environment_hook('custom_interfaces', 'pythonpath')
[13.054s] INFO:colcon.colcon_core.shell:Creating environment hook '/home/bensalem/paltech_assignment/install/custom_interfaces/share/custom_interfaces/hook/pythonpath.ps1'
[13.054s] INFO:colcon.colcon_core.shell:Creating environment descriptor '/home/bensalem/paltech_assignment/install/custom_interfaces/share/custom_interfaces/hook/pythonpath.dsv'
[13.055s] INFO:colcon.colcon_core.shell:Creating environment hook '/home/bensalem/paltech_assignment/install/custom_interfaces/share/custom_interfaces/hook/pythonpath.sh'
[13.055s] Level 1:colcon.colcon_core.environment:checking '/home/bensalem/paltech_assignment/install/custom_interfaces/bin'
[13.055s] INFO:colcon.colcon_core.shell:Creating package script '/home/bensalem/paltech_assignment/install/custom_interfaces/share/custom_interfaces/package.ps1'
[13.056s] INFO:colcon.colcon_core.shell:Creating package descriptor '/home/bensalem/paltech_assignment/install/custom_interfaces/share/custom_interfaces/package.dsv'
[13.056s] INFO:colcon.colcon_core.shell:Creating package script '/home/bensalem/paltech_assignment/install/custom_interfaces/share/custom_interfaces/package.sh'
[13.056s] INFO:colcon.colcon_core.shell:Creating package script '/home/bensalem/paltech_assignment/install/custom_interfaces/share/custom_interfaces/package.bash'
[13.057s] INFO:colcon.colcon_core.shell:Creating package script '/home/bensalem/paltech_assignment/install/custom_interfaces/share/custom_interfaces/package.zsh'
[13.057s] Level 1:colcon.colcon_core.environment:create_file_with_runtime_dependencies(/home/bensalem/paltech_assignment/install/custom_interfaces/share/colcon-core/packages/custom_interfaces)
[13.139s] Level 1:colcon.colcon_core.environment:create_environment_scripts_only(custom_interfaces)
[13.139s] Level 1:colcon.colcon_core.environment:checking '/home/bensalem/paltech_assignment/install/custom_interfaces' for CMake module files
[13.140s] Level 1:colcon.colcon_core.environment:checking '/home/bensalem/paltech_assignment/install/custom_interfaces' for CMake config files
[13.140s] Level 1:colcon.colcon_core.shell:create_environment_hook('custom_interfaces', 'cmake_prefix_path')
[13.140s] INFO:colcon.colcon_core.shell:Creating environment hook '/home/bensalem/paltech_assignment/install/custom_interfaces/share/custom_interfaces/hook/cmake_prefix_path.ps1'
[13.141s] INFO:colcon.colcon_core.shell:Creating environment descriptor '/home/bensalem/paltech_assignment/install/custom_interfaces/share/custom_interfaces/hook/cmake_prefix_path.dsv'
[13.141s] INFO:colcon.colcon_core.shell:Creating environment hook '/home/bensalem/paltech_assignment/install/custom_interfaces/share/custom_interfaces/hook/cmake_prefix_path.sh'
[13.142s] Level 1:colcon.colcon_core.environment:checking '/home/bensalem/paltech_assignment/install/custom_interfaces/lib'
[13.142s] Level 1:colcon.colcon_core.shell:create_environment_hook('custom_interfaces', 'ld_library_path_lib')
[13.142s] INFO:colcon.colcon_core.shell:Creating environment hook '/home/bensalem/paltech_assignment/install/custom_interfaces/share/custom_interfaces/hook/ld_library_path_lib.ps1'
[13.143s] INFO:colcon.colcon_core.shell:Creating environment descriptor '/home/bensalem/paltech_assignment/install/custom_interfaces/share/custom_interfaces/hook/ld_library_path_lib.dsv'
[13.143s] INFO:colcon.colcon_core.shell:Creating environment hook '/home/bensalem/paltech_assignment/install/custom_interfaces/share/custom_interfaces/hook/ld_library_path_lib.sh'
[13.143s] Level 1:colcon.colcon_core.environment:checking '/home/bensalem/paltech_assignment/install/custom_interfaces/bin'
[13.143s] Level 1:colcon.colcon_core.environment:checking '/home/bensalem/paltech_assignment/install/custom_interfaces/lib/pkgconfig/custom_interfaces.pc'
[13.144s] Level 1:colcon.colcon_core.environment:checking '/home/bensalem/paltech_assignment/install/custom_interfaces/lib/python3.8/site-packages'
[13.144s] Level 1:colcon.colcon_core.shell:create_environment_hook('custom_interfaces', 'pythonpath')
[13.144s] INFO:colcon.colcon_core.shell:Creating environment hook '/home/bensalem/paltech_assignment/install/custom_interfaces/share/custom_interfaces/hook/pythonpath.ps1'
[13.144s] INFO:colcon.colcon_core.shell:Creating environment descriptor '/home/bensalem/paltech_assignment/install/custom_interfaces/share/custom_interfaces/hook/pythonpath.dsv'
[13.145s] INFO:colcon.colcon_core.shell:Creating environment hook '/home/bensalem/paltech_assignment/install/custom_interfaces/share/custom_interfaces/hook/pythonpath.sh'
[13.145s] Level 1:colcon.colcon_core.environment:checking '/home/bensalem/paltech_assignment/install/custom_interfaces/bin'
[13.145s] INFO:colcon.colcon_core.shell:Creating package script '/home/bensalem/paltech_assignment/install/custom_interfaces/share/custom_interfaces/package.ps1'
[13.146s] INFO:colcon.colcon_core.shell:Creating package descriptor '/home/bensalem/paltech_assignment/install/custom_interfaces/share/custom_interfaces/package.dsv'
[13.146s] INFO:colcon.colcon_core.shell:Creating package script '/home/bensalem/paltech_assignment/install/custom_interfaces/share/custom_interfaces/package.sh'
[13.147s] INFO:colcon.colcon_core.shell:Creating package script '/home/bensalem/paltech_assignment/install/custom_interfaces/share/custom_interfaces/package.bash'
[13.147s] INFO:colcon.colcon_core.shell:Creating package script '/home/bensalem/paltech_assignment/install/custom_interfaces/share/custom_interfaces/package.zsh'
[13.147s] Level 1:colcon.colcon_core.environment:create_file_with_runtime_dependencies(/home/bensalem/paltech_assignment/install/custom_interfaces/share/colcon-core/packages/custom_interfaces)
[13.148s] DEBUG:colcon.colcon_parallel_executor.executor.parallel:closing loop
[13.148s] DEBUG:colcon.colcon_parallel_executor.executor.parallel:loop closed
[13.149s] DEBUG:colcon.colcon_parallel_executor.executor.parallel:run_until_complete finished with '0'
[13.149s] DEBUG:colcon.colcon_core.event_reactor:joining thread
[13.197s] INFO:colcon.colcon_core.plugin_system:Skipping extension 'colcon_notification.desktop_notification.notify_send': Could not find 'notify-send'
[13.197s] INFO:colcon.colcon_core.plugin_system:Skipping extension 'colcon_notification.desktop_notification.terminal_notifier': Not used on non-Darwin systems
[13.197s] INFO:colcon.colcon_core.plugin_system:Skipping extension 'colcon_notification.desktop_notification.win32': Not used on non-Windows systems
[13.197s] INFO:colcon.colcon_notification.desktop_notification:Sending desktop notification using 'notify2'
[13.213s] DEBUG:colcon.colcon_notification.desktop_notification.notify2:Failed to initialize notify2: org.freedesktop.DBus.Error.ServiceUnknown: The name org.freedesktop.Notifications was not provided by any .service files
[13.214s] DEBUG:colcon.colcon_core.event_reactor:joined thread
[13.214s] INFO:colcon.colcon_core.shell:Creating prefix script '/home/bensalem/paltech_assignment/install/local_setup.ps1'
[13.215s] INFO:colcon.colcon_core.shell:Creating prefix util module '/home/bensalem/paltech_assignment/install/_local_setup_util_ps1.py'
[13.217s] INFO:colcon.colcon_core.shell:Creating prefix chain script '/home/bensalem/paltech_assignment/install/setup.ps1'
[13.219s] INFO:colcon.colcon_core.shell:Creating prefix script '/home/bensalem/paltech_assignment/install/local_setup.sh'
[13.220s] INFO:colcon.colcon_core.shell:Creating prefix util module '/home/bensalem/paltech_assignment/install/_local_setup_util_sh.py'
[13.220s] INFO:colcon.colcon_core.shell:Creating prefix chain script '/home/bensalem/paltech_assignment/install/setup.sh'
[13.221s] INFO:colcon.colcon_core.shell:Creating prefix script '/home/bensalem/paltech_assignment/install/local_setup.bash'
[13.222s] INFO:colcon.colcon_core.shell:Creating prefix chain script '/home/bensalem/paltech_assignment/install/setup.bash'
[13.224s] INFO:colcon.colcon_core.shell:Creating prefix script '/home/bensalem/paltech_assignment/install/local_setup.zsh'
[13.225s] INFO:colcon.colcon_core.shell:Creating prefix chain script '/home/bensalem/paltech_assignment/install/setup.zsh'
