[0.025s] Invoking command in '/home/bensalem/paltech_assignment/build/custom_interfaces': CMAKE_PREFIX_PATH=${CMAKE_PREFIX_PATH}:/opt/ros/foxy WSLENV=ELECTRON_RUN_AS_NODE/w: /usr/bin/cmake /home/bensalem/paltech_assignment/src/custom_interfaces -DCMAKE_INSTALL_PREFIX=/home/bensalem/paltech_assignment/install/custom_interfaces
[0.322s] -- The C compiler identification is GNU 9.4.0
[0.574s] -- The CXX compiler identification is GNU 9.4.0
[0.691s] -- Check for working C compiler: /usr/bin/cc
[0.819s] -- Check for working C compiler: /usr/bin/cc -- works
[0.821s] -- Detecting C compiler ABI info
[0.939s] -- Detecting C compiler ABI info - done
[0.947s] -- Detecting C compile features
[0.948s] -- Detecting C compile features - done
[0.951s] -- Check for working CXX compiler: /usr/bin/c++
[1.075s] -- Check for working CXX compiler: /usr/bin/c++ -- works
[1.076s] -- Detecting CXX compiler ABI info
[1.195s] -- Detecting CXX compiler ABI info - done
[1.203s] -- Detecting CXX compile features
[1.203s] -- Detecting CXX compile features - done
[1.221s] -- Found ament_cmake: 0.9.12 (/opt/ros/foxy/share/ament_cmake/cmake)
[1.247s] -- Found PythonInterp: /usr/bin/python3 (found suitable version "3.8.10", minimum required is "3") 
[1.247s] -- Using PYTHON_EXECUTABLE: /usr/bin/python3
[1.419s] -- Found ament_lint_auto: 0.9.8 (/opt/ros/foxy/share/ament_lint_auto/cmake)
[1.484s] -- Found sensor_msgs: 2.0.5 (/opt/ros/foxy/share/sensor_msgs/cmake)
[1.639s] -- Using all available rosidl_typesupport_c: rosidl_typesupport_fastrtps_c;rosidl_typesupport_introspection_c
[1.650s] -- Found rosidl_adapter: 1.3.1 (/opt/ros/foxy/share/rosidl_adapter/cmake)
[2.515s] -- Found OpenSSL: /usr/lib/x86_64-linux-gnu/libcrypto.so (found version "1.1.1f")  
[3.275s] -- Found FastRTPS: /opt/ros/foxy/include  
[4.684s] -- Using all available rosidl_typesupport_cpp: rosidl_typesupport_fastrtps_cpp;rosidl_typesupport_introspection_cpp
[4.846s] -- Found rosidl_default_generators: 1.0.1 (/opt/ros/foxy/share/rosidl_default_generators/cmake)
[4.876s] -- Found PythonInterp: /usr/bin/python3 (found version "3.8.10") 
[5.009s] -- Found ament_cmake_ros: 0.9.2 (/opt/ros/foxy/share/ament_cmake_ros/cmake)
[7.964s] -- Using all available rosidl_typesupport_c: rosidl_typesupport_fastrtps_c;rosidl_typesupport_introspection_c
[8.091s] -- Using all available rosidl_typesupport_cpp: rosidl_typesupport_fastrtps_cpp;rosidl_typesupport_introspection_cpp
[8.112s] -- Found PythonInterp: /usr/bin/python3 (found suitable version "3.8.10", minimum required is "3.5") 
[8.114s] -- Found python_cmake_module: 0.8.1 (/opt/ros/foxy/share/python_cmake_module/cmake)
[8.397s] -- Found PythonLibs: /usr/lib/x86_64-linux-gnu/libpython3.8.so (found suitable version "3.8.10", minimum required is "3.5") 
[8.397s] -- Using PYTHON_EXECUTABLE: /usr/bin/python3
[8.397s] -- Using PYTHON_INCLUDE_DIRS: /usr/include/python3.8
[8.397s] -- Using PYTHON_LIBRARIES: /usr/lib/x86_64-linux-gnu/libpython3.8.so
[8.420s] -- Found PythonExtra: .so  
[8.558s] -- Added test 'lint_cmake' to check CMake code style
[8.560s] -- Added test 'xmllint' to check XML markup files
[8.574s] -- Configuring done
[8.679s] -- Generating done
[8.681s] -- Build files have been written to: /home/bensalem/paltech_assignment/build/custom_interfaces
[8.694s] Invoked command in '/home/bensalem/paltech_assignment/build/custom_interfaces' returned '0': CMAKE_PREFIX_PATH=${CMAKE_PREFIX_PATH}:/opt/ros/foxy WSLENV=ELECTRON_RUN_AS_NODE/w: /usr/bin/cmake /home/bensalem/paltech_assignment/src/custom_interfaces -DCMAKE_INSTALL_PREFIX=/home/bensalem/paltech_assignment/install/custom_interfaces
[8.696s] Invoking command in '/home/bensalem/paltech_assignment/build/custom_interfaces': CMAKE_PREFIX_PATH=${CMAKE_PREFIX_PATH}:/opt/ros/foxy WSLENV=ELECTRON_RUN_AS_NODE/w: /usr/bin/cmake --build /home/bensalem/paltech_assignment/build/custom_interfaces -- -j12 -l12
[8.734s] [35m[1mScanning dependencies of target custom_interfaces__cpp[0m
[8.734s] [  2%] [34m[1mGenerating C code for ROS interfaces[0m
[8.746s] [  4%] [34m[1mGenerating C++ code for ROS interfaces[0m
[9.057s] [  4%] Built target custom_interfaces__cpp
[9.057s] [35m[1mScanning dependencies of target custom_interfaces__rosidl_generator_c[0m
[9.068s] [  8%] [34m[1mGenerating C++ introspection for ROS interfaces[0m
[9.068s] [  8%] [34m[1mGenerating C++ type support for eProsima Fast-RTPS[0m
[9.069s] [ 10%] [34m[1mGenerating C++ type support dispatch for ROS interfaces[0m
[9.077s] [ 12%] [32mBuilding C object CMakeFiles/custom_interfaces__rosidl_generator_c.dir/rosidl_generator_c/custom_interfaces/srv/detail/set_waypoints__functions.c.o[0m
[9.077s] [ 14%] [32mBuilding C object CMakeFiles/custom_interfaces__rosidl_generator_c.dir/rosidl_generator_c/custom_interfaces/msg/detail/waypoint__functions.c.o[0m
[9.079s] [ 17%] [32mBuilding C object CMakeFiles/custom_interfaces__rosidl_generator_c.dir/rosidl_generator_c/custom_interfaces/srv/detail/get_waypoints__functions.c.o[0m
[9.163s] [ 19%] [32m[1mLinking C shared library libcustom_interfaces__rosidl_generator_c.so[0m
[9.270s] [ 19%] Built target custom_interfaces__rosidl_generator_c
[9.282s] [ 21%] [34m[1mGenerating C type support dispatch for ROS interfaces[0m
[9.284s] [ 23%] [34m[1mGenerating C introspection for ROS interfaces[0m
[9.315s] [35m[1mScanning dependencies of target custom_interfaces__rosidl_typesupport_cpp[0m
[9.341s] [ 27%] [32mBuilding CXX object CMakeFiles/custom_interfaces__rosidl_typesupport_cpp.dir/rosidl_typesupport_cpp/custom_interfaces/srv/get_waypoints__type_support.cpp.o[0m
[9.341s] [ 27%] [32mBuilding CXX object CMakeFiles/custom_interfaces__rosidl_typesupport_cpp.dir/rosidl_typesupport_cpp/custom_interfaces/msg/waypoint__type_support.cpp.o[0m
[9.342s] [ 29%] [32mBuilding CXX object CMakeFiles/custom_interfaces__rosidl_typesupport_cpp.dir/rosidl_typesupport_cpp/custom_interfaces/srv/set_waypoints__type_support.cpp.o[0m
[9.350s] [35m[1mScanning dependencies of target custom_interfaces__rosidl_typesupport_introspection_cpp[0m
[9.372s] [ 34%] [32mBuilding CXX object CMakeFiles/custom_interfaces__rosidl_typesupport_introspection_cpp.dir/rosidl_typesupport_introspection_cpp/custom_interfaces/srv/detail/set_waypoints__type_support.cpp.o[0m
[9.372s] [ 34%] [32mBuilding CXX object CMakeFiles/custom_interfaces__rosidl_typesupport_introspection_cpp.dir/rosidl_typesupport_introspection_cpp/custom_interfaces/srv/detail/get_waypoints__type_support.cpp.o[0m
[9.372s] [ 36%] [32mBuilding CXX object CMakeFiles/custom_interfaces__rosidl_typesupport_introspection_cpp.dir/rosidl_typesupport_introspection_cpp/custom_interfaces/msg/detail/waypoint__type_support.cpp.o[0m
[9.412s] [35m[1mScanning dependencies of target custom_interfaces__rosidl_typesupport_fastrtps_cpp[0m
[9.458s] [ 40%] [32mBuilding CXX object CMakeFiles/custom_interfaces__rosidl_typesupport_fastrtps_cpp.dir/rosidl_typesupport_fastrtps_cpp/custom_interfaces/srv/detail/dds_fastrtps/set_waypoints__type_support.cpp.o[0m
[9.459s] [ 40%] [32mBuilding CXX object CMakeFiles/custom_interfaces__rosidl_typesupport_fastrtps_cpp.dir/rosidl_typesupport_fastrtps_cpp/custom_interfaces/msg/detail/dds_fastrtps/waypoint__type_support.cpp.o[0m
[9.465s] [ 42%] [32mBuilding CXX object CMakeFiles/custom_interfaces__rosidl_typesupport_fastrtps_cpp.dir/rosidl_typesupport_fastrtps_cpp/custom_interfaces/srv/detail/dds_fastrtps/get_waypoints__type_support.cpp.o[0m
[9.625s] [35m[1mScanning dependencies of target custom_interfaces__rosidl_typesupport_c[0m
[9.651s] [ 46%] [32mBuilding CXX object CMakeFiles/custom_interfaces__rosidl_typesupport_c.dir/rosidl_typesupport_c/custom_interfaces/msg/waypoint__type_support.cpp.o[0m
[9.651s] [ 46%] [32mBuilding CXX object CMakeFiles/custom_interfaces__rosidl_typesupport_c.dir/rosidl_typesupport_c/custom_interfaces/srv/set_waypoints__type_support.cpp.o[0m
[9.709s] [ 48%] [32mBuilding CXX object CMakeFiles/custom_interfaces__rosidl_typesupport_c.dir/rosidl_typesupport_c/custom_interfaces/srv/get_waypoints__type_support.cpp.o[0m
[9.766s] [ 51%] [32m[1mLinking CXX shared library libcustom_interfaces__rosidl_typesupport_c.so[0m
[9.776s] [35m[1mScanning dependencies of target custom_interfaces__rosidl_typesupport_introspection_c[0m
[9.859s] [ 53%] [32mBuilding C object CMakeFiles/custom_interfaces__rosidl_typesupport_introspection_c.dir/rosidl_typesupport_introspection_c/custom_interfaces/msg/detail/waypoint__type_support.c.o[0m
[9.864s] [ 55%] [32mBuilding C object CMakeFiles/custom_interfaces__rosidl_typesupport_introspection_c.dir/rosidl_typesupport_introspection_c/custom_interfaces/srv/detail/set_waypoints__type_support.c.o[0m
[9.886s] [ 57%] [32mBuilding C object CMakeFiles/custom_interfaces__rosidl_typesupport_introspection_c.dir/rosidl_typesupport_introspection_c/custom_interfaces/srv/detail/get_waypoints__type_support.c.o[0m
[9.913s] [ 59%] [32m[1mLinking CXX shared library libcustom_interfaces__rosidl_typesupport_cpp.so[0m
[9.952s] [ 61%] [32m[1mLinking C shared library libcustom_interfaces__rosidl_typesupport_introspection_c.so[0m
[9.989s] [ 63%] [32m[1mLinking CXX shared library libcustom_interfaces__rosidl_typesupport_introspection_cpp.so[0m
[9.998s] [ 63%] Built target custom_interfaces__rosidl_typesupport_c
[10.060s] [ 63%] Built target custom_interfaces__rosidl_typesupport_cpp
[10.078s] [ 63%] Built target custom_interfaces__rosidl_typesupport_introspection_c
[10.180s] [ 63%] Built target custom_interfaces__rosidl_typesupport_introspection_cpp
[10.210s] [ 65%] [32m[1mLinking CXX shared library libcustom_interfaces__rosidl_typesupport_fastrtps_cpp.so[0m
[10.351s] [ 65%] Built target custom_interfaces__rosidl_typesupport_fastrtps_cpp
[10.362s] [ 68%] [34m[1mGenerating C type support for eProsima Fast-RTPS[0m
[10.602s] [35m[1mScanning dependencies of target custom_interfaces__rosidl_typesupport_fastrtps_c[0m
[10.625s] [ 74%] [32mBuilding CXX object CMakeFiles/custom_interfaces__rosidl_typesupport_fastrtps_c.dir/rosidl_typesupport_fastrtps_c/custom_interfaces/srv/detail/set_waypoints__type_support_c.cpp.o[0m
[10.625s] [ 74%] [32mBuilding CXX object CMakeFiles/custom_interfaces__rosidl_typesupport_fastrtps_c.dir/rosidl_typesupport_fastrtps_c/custom_interfaces/msg/detail/waypoint__type_support_c.cpp.o[0m
[10.625s] [ 74%] [32mBuilding CXX object CMakeFiles/custom_interfaces__rosidl_typesupport_fastrtps_c.dir/rosidl_typesupport_fastrtps_c/custom_interfaces/srv/detail/get_waypoints__type_support_c.cpp.o[0m
[10.994s] [ 76%] [32m[1mLinking CXX shared library libcustom_interfaces__rosidl_typesupport_fastrtps_c.so[0m
[11.141s] [ 76%] Built target custom_interfaces__rosidl_typesupport_fastrtps_c
[11.153s] [35m[1mScanning dependencies of target custom_interfaces[0m
[11.164s] [ 76%] Built target custom_interfaces
[11.174s] [35m[1mScanning dependencies of target custom_interfaces__py[0m
[11.185s] [ 78%] [34m[1mGenerating Python code for ROS interfaces[0m
[11.746s] [ 78%] Built target custom_interfaces__py
[11.756s] [35m[1mScanning dependencies of target custom_interfaces__python[0m
[11.809s] [ 85%] [32mBuilding C object CMakeFiles/custom_interfaces__python.dir/rosidl_generator_py/custom_interfaces/srv/_set_waypoints_s.c.o[0m
[11.809s] [ 85%] [32mBuilding C object CMakeFiles/custom_interfaces__python.dir/rosidl_generator_py/custom_interfaces/msg/_waypoint_s.c.o[0m
[11.809s] [ 85%] [32mBuilding C object CMakeFiles/custom_interfaces__python.dir/rosidl_generator_py/custom_interfaces/srv/_get_waypoints_s.c.o[0m
[11.908s] [ 87%] [32m[1mLinking C shared library rosidl_generator_py/custom_interfaces/libcustom_interfaces__python.so[0m
[11.999s] [ 87%] Built target custom_interfaces__python
[12.008s] [35m[1mScanning dependencies of target custom_interfaces__rosidl_typesupport_introspection_c__pyext[0m
[12.009s] [35m[1mScanning dependencies of target custom_interfaces__rosidl_typesupport_fastrtps_c__pyext[0m
[12.009s] [35m[1mScanning dependencies of target custom_interfaces__rosidl_typesupport_c__pyext[0m
[12.028s] [ 93%] [32mBuilding C object CMakeFiles/custom_interfaces__rosidl_typesupport_fastrtps_c__pyext.dir/rosidl_generator_py/custom_interfaces/_custom_interfaces_s.ep.rosidl_typesupport_fastrtps_c.c.o[0m
[12.028s] [ 93%] [32mBuilding C object CMakeFiles/custom_interfaces__rosidl_typesupport_introspection_c__pyext.dir/rosidl_generator_py/custom_interfaces/_custom_interfaces_s.ep.rosidl_typesupport_introspection_c.c.o[0m
[12.028s] [ 93%] [32mBuilding C object CMakeFiles/custom_interfaces__rosidl_typesupport_c__pyext.dir/rosidl_generator_py/custom_interfaces/_custom_interfaces_s.ep.rosidl_typesupport_c.c.o[0m
[12.109s] [ 97%] [32m[1mLinking C shared library rosidl_generator_py/custom_interfaces/custom_interfaces_s__rosidl_typesupport_c.cpython-38-x86_64-linux-gnu.so[0m
[12.109s] [ 97%] [32m[1mLinking C shared library rosidl_generator_py/custom_interfaces/custom_interfaces_s__rosidl_typesupport_introspection_c.cpython-38-x86_64-linux-gnu.so[0m
[12.109s] [100%] [32m[1mLinking CXX shared library rosidl_generator_py/custom_interfaces/custom_interfaces_s__rosidl_typesupport_fastrtps_c.cpython-38-x86_64-linux-gnu.so[0m
[12.199s] [100%] Built target custom_interfaces__rosidl_typesupport_c__pyext
[12.213s] [100%] Built target custom_interfaces__rosidl_typesupport_introspection_c__pyext
[12.231s] [100%] Built target custom_interfaces__rosidl_typesupport_fastrtps_c__pyext
[12.245s] Invoked command in '/home/bensalem/paltech_assignment/build/custom_interfaces' returned '0': CMAKE_PREFIX_PATH=${CMAKE_PREFIX_PATH}:/opt/ros/foxy WSLENV=ELECTRON_RUN_AS_NODE/w: /usr/bin/cmake --build /home/bensalem/paltech_assignment/build/custom_interfaces -- -j12 -l12
[12.337s] Invoking command in '/home/bensalem/paltech_assignment/build/custom_interfaces': CMAKE_PREFIX_PATH=${CMAKE_PREFIX_PATH}:/opt/ros/foxy WSLENV=ELECTRON_RUN_AS_NODE/w: /usr/bin/cmake --install /home/bensalem/paltech_assignment/build/custom_interfaces
[12.343s] -- Install configuration: ""
[12.344s] -- Installing: /home/bensalem/paltech_assignment/install/custom_interfaces/share/ament_index/resource_index/rosidl_interfaces/custom_interfaces
[12.345s] -- Installing: /home/bensalem/paltech_assignment/install/custom_interfaces/include/custom_interfaces
[12.345s] -- Installing: /home/bensalem/paltech_assignment/install/custom_interfaces/include/custom_interfaces/msg
[12.345s] -- Installing: /home/bensalem/paltech_assignment/install/custom_interfaces/include/custom_interfaces/msg/waypoint.h
[12.346s] -- Installing: /home/bensalem/paltech_assignment/install/custom_interfaces/include/custom_interfaces/msg/rosidl_generator_c__visibility_control.h
[12.346s] -- Installing: /home/bensalem/paltech_assignment/install/custom_interfaces/include/custom_interfaces/msg/detail
[12.346s] -- Installing: /home/bensalem/paltech_assignment/install/custom_interfaces/include/custom_interfaces/msg/detail/waypoint__functions.c
[12.346s] -- Installing: /home/bensalem/paltech_assignment/install/custom_interfaces/include/custom_interfaces/msg/detail/waypoint__struct.h
[12.346s] -- Installing: /home/bensalem/paltech_assignment/install/custom_interfaces/include/custom_interfaces/msg/detail/waypoint__functions.h
[12.346s] -- Installing: /home/bensalem/paltech_assignment/install/custom_interfaces/include/custom_interfaces/msg/detail/waypoint__type_support.h
[12.347s] -- Installing: /home/bensalem/paltech_assignment/install/custom_interfaces/include/custom_interfaces/srv
[12.347s] -- Installing: /home/bensalem/paltech_assignment/install/custom_interfaces/include/custom_interfaces/srv/set_waypoints.h
[12.347s] -- Installing: /home/bensalem/paltech_assignment/install/custom_interfaces/include/custom_interfaces/srv/get_waypoints.h
[12.347s] -- Installing: /home/bensalem/paltech_assignment/install/custom_interfaces/include/custom_interfaces/srv/detail
[12.347s] -- Installing: /home/bensalem/paltech_assignment/install/custom_interfaces/include/custom_interfaces/srv/detail/get_waypoints__functions.c
[12.348s] -- Installing: /home/bensalem/paltech_assignment/install/custom_interfaces/include/custom_interfaces/srv/detail/set_waypoints__functions.h
[12.348s] -- Installing: /home/bensalem/paltech_assignment/install/custom_interfaces/include/custom_interfaces/srv/detail/set_waypoints__struct.h
[12.348s] -- Installing: /home/bensalem/paltech_assignment/install/custom_interfaces/include/custom_interfaces/srv/detail/get_waypoints__type_support.h
[12.348s] -- Installing: /home/bensalem/paltech_assignment/install/custom_interfaces/include/custom_interfaces/srv/detail/get_waypoints__functions.h
[12.349s] -- Installing: /home/bensalem/paltech_assignment/install/custom_interfaces/include/custom_interfaces/srv/detail/set_waypoints__functions.c
[12.349s] -- Installing: /home/bensalem/paltech_assignment/install/custom_interfaces/include/custom_interfaces/srv/detail/get_waypoints__struct.h
[12.349s] -- Installing: /home/bensalem/paltech_assignment/install/custom_interfaces/include/custom_interfaces/srv/detail/set_waypoints__type_support.h
[12.349s] -- Installing: /home/bensalem/paltech_assignment/install/custom_interfaces/share/custom_interfaces/environment/library_path.sh
[12.350s] -- Installing: /home/bensalem/paltech_assignment/install/custom_interfaces/share/custom_interfaces/environment/library_path.dsv
[12.350s] -- Installing: /home/bensalem/paltech_assignment/install/custom_interfaces/lib/libcustom_interfaces__rosidl_generator_c.so
[12.351s] -- Set runtime path of "/home/bensalem/paltech_assignment/install/custom_interfaces/lib/libcustom_interfaces__rosidl_generator_c.so" to ""
[12.351s] -- Up-to-date: /home/bensalem/paltech_assignment/install/custom_interfaces/include/custom_interfaces
[12.351s] -- Up-to-date: /home/bensalem/paltech_assignment/install/custom_interfaces/include/custom_interfaces/msg
[12.351s] -- Installing: /home/bensalem/paltech_assignment/install/custom_interfaces/include/custom_interfaces/msg/rosidl_typesupport_fastrtps_c__visibility_control.h
[12.351s] -- Up-to-date: /home/bensalem/paltech_assignment/install/custom_interfaces/include/custom_interfaces/msg/detail
[12.351s] -- Installing: /home/bensalem/paltech_assignment/install/custom_interfaces/include/custom_interfaces/msg/detail/waypoint__rosidl_typesupport_fastrtps_c.h
[12.351s] -- Up-to-date: /home/bensalem/paltech_assignment/install/custom_interfaces/include/custom_interfaces/srv
[12.351s] -- Up-to-date: /home/bensalem/paltech_assignment/install/custom_interfaces/include/custom_interfaces/srv/detail
[12.352s] -- Installing: /home/bensalem/paltech_assignment/install/custom_interfaces/include/custom_interfaces/srv/detail/set_waypoints__rosidl_typesupport_fastrtps_c.h
[12.352s] -- Installing: /home/bensalem/paltech_assignment/install/custom_interfaces/include/custom_interfaces/srv/detail/get_waypoints__rosidl_typesupport_fastrtps_c.h
[12.352s] -- Installing: /home/bensalem/paltech_assignment/install/custom_interfaces/lib/libcustom_interfaces__rosidl_typesupport_fastrtps_c.so
[12.352s] -- Set runtime path of "/home/bensalem/paltech_assignment/install/custom_interfaces/lib/libcustom_interfaces__rosidl_typesupport_fastrtps_c.so" to ""
[12.352s] -- Up-to-date: /home/bensalem/paltech_assignment/install/custom_interfaces/include/custom_interfaces
[12.352s] -- Up-to-date: /home/bensalem/paltech_assignment/install/custom_interfaces/include/custom_interfaces/msg
[12.353s] -- Installing: /home/bensalem/paltech_assignment/install/custom_interfaces/include/custom_interfaces/msg/rosidl_typesupport_fastrtps_cpp__visibility_control.h
[12.353s] -- Up-to-date: /home/bensalem/paltech_assignment/install/custom_interfaces/include/custom_interfaces/msg/detail
[12.353s] -- Installing: /home/bensalem/paltech_assignment/install/custom_interfaces/include/custom_interfaces/msg/detail/waypoint__rosidl_typesupport_fastrtps_cpp.hpp
[12.353s] -- Installing: /home/bensalem/paltech_assignment/install/custom_interfaces/include/custom_interfaces/msg/detail/dds_fastrtps
[12.353s] -- Up-to-date: /home/bensalem/paltech_assignment/install/custom_interfaces/include/custom_interfaces/srv
[12.353s] -- Up-to-date: /home/bensalem/paltech_assignment/install/custom_interfaces/include/custom_interfaces/srv/detail
[12.353s] -- Installing: /home/bensalem/paltech_assignment/install/custom_interfaces/include/custom_interfaces/srv/detail/get_waypoints__rosidl_typesupport_fastrtps_cpp.hpp
[12.354s] -- Installing: /home/bensalem/paltech_assignment/install/custom_interfaces/include/custom_interfaces/srv/detail/dds_fastrtps
[12.354s] -- Installing: /home/bensalem/paltech_assignment/install/custom_interfaces/include/custom_interfaces/srv/detail/set_waypoints__rosidl_typesupport_fastrtps_cpp.hpp
[12.354s] -- Installing: /home/bensalem/paltech_assignment/install/custom_interfaces/lib/libcustom_interfaces__rosidl_typesupport_fastrtps_cpp.so
[12.354s] -- Set runtime path of "/home/bensalem/paltech_assignment/install/custom_interfaces/lib/libcustom_interfaces__rosidl_typesupport_fastrtps_cpp.so" to ""
[12.354s] -- Up-to-date: /home/bensalem/paltech_assignment/install/custom_interfaces/include/custom_interfaces
[12.354s] -- Up-to-date: /home/bensalem/paltech_assignment/install/custom_interfaces/include/custom_interfaces/msg
[12.354s] -- Installing: /home/bensalem/paltech_assignment/install/custom_interfaces/include/custom_interfaces/msg/rosidl_typesupport_introspection_c__visibility_control.h
[12.354s] -- Up-to-date: /home/bensalem/paltech_assignment/install/custom_interfaces/include/custom_interfaces/msg/detail
[12.354s] -- Installing: /home/bensalem/paltech_assignment/install/custom_interfaces/include/custom_interfaces/msg/detail/waypoint__type_support.c
[12.355s] -- Installing: /home/bensalem/paltech_assignment/install/custom_interfaces/include/custom_interfaces/msg/detail/waypoint__rosidl_typesupport_introspection_c.h
[12.355s] -- Up-to-date: /home/bensalem/paltech_assignment/install/custom_interfaces/include/custom_interfaces/srv
[12.355s] -- Up-to-date: /home/bensalem/paltech_assignment/install/custom_interfaces/include/custom_interfaces/srv/detail
[12.355s] -- Installing: /home/bensalem/paltech_assignment/install/custom_interfaces/include/custom_interfaces/srv/detail/set_waypoints__type_support.c
[12.355s] -- Installing: /home/bensalem/paltech_assignment/install/custom_interfaces/include/custom_interfaces/srv/detail/get_waypoints__type_support.c
[12.355s] -- Installing: /home/bensalem/paltech_assignment/install/custom_interfaces/include/custom_interfaces/srv/detail/get_waypoints__rosidl_typesupport_introspection_c.h
[12.355s] -- Installing: /home/bensalem/paltech_assignment/install/custom_interfaces/include/custom_interfaces/srv/detail/set_waypoints__rosidl_typesupport_introspection_c.h
[12.356s] -- Installing: /home/bensalem/paltech_assignment/install/custom_interfaces/lib/libcustom_interfaces__rosidl_typesupport_introspection_c.so
[12.356s] -- Set runtime path of "/home/bensalem/paltech_assignment/install/custom_interfaces/lib/libcustom_interfaces__rosidl_typesupport_introspection_c.so" to ""
[12.356s] -- Installing: /home/bensalem/paltech_assignment/install/custom_interfaces/lib/libcustom_interfaces__rosidl_typesupport_c.so
[12.357s] -- Set runtime path of "/home/bensalem/paltech_assignment/install/custom_interfaces/lib/libcustom_interfaces__rosidl_typesupport_c.so" to ""
[12.357s] -- Up-to-date: /home/bensalem/paltech_assignment/install/custom_interfaces/include/custom_interfaces
[12.357s] -- Up-to-date: /home/bensalem/paltech_assignment/install/custom_interfaces/include/custom_interfaces/msg
[12.357s] -- Installing: /home/bensalem/paltech_assignment/install/custom_interfaces/include/custom_interfaces/msg/rosidl_generator_cpp__visibility_control.hpp
[12.358s] -- Installing: /home/bensalem/paltech_assignment/install/custom_interfaces/include/custom_interfaces/msg/waypoint.hpp
[12.358s] -- Up-to-date: /home/bensalem/paltech_assignment/install/custom_interfaces/include/custom_interfaces/msg/detail
[12.358s] -- Installing: /home/bensalem/paltech_assignment/install/custom_interfaces/include/custom_interfaces/msg/detail/waypoint__struct.hpp
[12.358s] -- Installing: /home/bensalem/paltech_assignment/install/custom_interfaces/include/custom_interfaces/msg/detail/waypoint__builder.hpp
[12.358s] -- Installing: /home/bensalem/paltech_assignment/install/custom_interfaces/include/custom_interfaces/msg/detail/waypoint__type_support.hpp
[12.358s] -- Installing: /home/bensalem/paltech_assignment/install/custom_interfaces/include/custom_interfaces/msg/detail/waypoint__traits.hpp
[12.358s] -- Up-to-date: /home/bensalem/paltech_assignment/install/custom_interfaces/include/custom_interfaces/srv
[12.358s] -- Installing: /home/bensalem/paltech_assignment/install/custom_interfaces/include/custom_interfaces/srv/set_waypoints.hpp
[12.359s] -- Up-to-date: /home/bensalem/paltech_assignment/install/custom_interfaces/include/custom_interfaces/srv/detail
[12.359s] -- Installing: /home/bensalem/paltech_assignment/install/custom_interfaces/include/custom_interfaces/srv/detail/set_waypoints__type_support.hpp
[12.359s] -- Installing: /home/bensalem/paltech_assignment/install/custom_interfaces/include/custom_interfaces/srv/detail/set_waypoints__struct.hpp
[12.359s] -- Installing: /home/bensalem/paltech_assignment/install/custom_interfaces/include/custom_interfaces/srv/detail/set_waypoints__builder.hpp
[12.359s] -- Installing: /home/bensalem/paltech_assignment/install/custom_interfaces/include/custom_interfaces/srv/detail/set_waypoints__traits.hpp
[12.359s] -- Installing: /home/bensalem/paltech_assignment/install/custom_interfaces/include/custom_interfaces/srv/detail/get_waypoints__type_support.hpp
[12.359s] -- Installing: /home/bensalem/paltech_assignment/install/custom_interfaces/include/custom_interfaces/srv/detail/get_waypoints__builder.hpp
[12.359s] -- Installing: /home/bensalem/paltech_assignment/install/custom_interfaces/include/custom_interfaces/srv/detail/get_waypoints__traits.hpp
[12.360s] -- Installing: /home/bensalem/paltech_assignment/install/custom_interfaces/include/custom_interfaces/srv/detail/get_waypoints__struct.hpp
[12.360s] -- Installing: /home/bensalem/paltech_assignment/install/custom_interfaces/include/custom_interfaces/srv/get_waypoints.hpp
[12.360s] -- Up-to-date: /home/bensalem/paltech_assignment/install/custom_interfaces/include/custom_interfaces
[12.360s] -- Up-to-date: /home/bensalem/paltech_assignment/install/custom_interfaces/include/custom_interfaces/msg
[12.360s] -- Up-to-date: /home/bensalem/paltech_assignment/install/custom_interfaces/include/custom_interfaces/msg/detail
[12.360s] -- Installing: /home/bensalem/paltech_assignment/install/custom_interfaces/include/custom_interfaces/msg/detail/waypoint__type_support.cpp
[12.361s] -- Installing: /home/bensalem/paltech_assignment/install/custom_interfaces/include/custom_interfaces/msg/detail/waypoint__rosidl_typesupport_introspection_cpp.hpp
[12.361s] -- Up-to-date: /home/bensalem/paltech_assignment/install/custom_interfaces/include/custom_interfaces/srv
[12.361s] -- Up-to-date: /home/bensalem/paltech_assignment/install/custom_interfaces/include/custom_interfaces/srv/detail
[12.361s] -- Installing: /home/bensalem/paltech_assignment/install/custom_interfaces/include/custom_interfaces/srv/detail/get_waypoints__rosidl_typesupport_introspection_cpp.hpp
[12.361s] -- Installing: /home/bensalem/paltech_assignment/install/custom_interfaces/include/custom_interfaces/srv/detail/get_waypoints__type_support.cpp
[12.361s] -- Installing: /home/bensalem/paltech_assignment/install/custom_interfaces/include/custom_interfaces/srv/detail/set_waypoints__type_support.cpp
[12.361s] -- Installing: /home/bensalem/paltech_assignment/install/custom_interfaces/include/custom_interfaces/srv/detail/set_waypoints__rosidl_typesupport_introspection_cpp.hpp
[12.361s] -- Installing: /home/bensalem/paltech_assignment/install/custom_interfaces/lib/libcustom_interfaces__rosidl_typesupport_introspection_cpp.so
[12.361s] -- Set runtime path of "/home/bensalem/paltech_assignment/install/custom_interfaces/lib/libcustom_interfaces__rosidl_typesupport_introspection_cpp.so" to ""
[12.361s] -- Installing: /home/bensalem/paltech_assignment/install/custom_interfaces/lib/libcustom_interfaces__rosidl_typesupport_cpp.so
[12.362s] -- Set runtime path of "/home/bensalem/paltech_assignment/install/custom_interfaces/lib/libcustom_interfaces__rosidl_typesupport_cpp.so" to ""
[12.362s] -- Installing: /home/bensalem/paltech_assignment/install/custom_interfaces/share/custom_interfaces/environment/pythonpath.sh
[12.362s] -- Installing: /home/bensalem/paltech_assignment/install/custom_interfaces/share/custom_interfaces/environment/pythonpath.dsv
[12.363s] -- Installing: /home/bensalem/paltech_assignment/install/custom_interfaces/lib/python3.8/site-packages/custom_interfaces/__init__.py
[12.389s] Compiling '/home/bensalem/paltech_assignment/install/custom_interfaces/lib/python3.8/site-packages/custom_interfaces/__init__.py'...
[12.392s] -- Installing: /home/bensalem/paltech_assignment/install/custom_interfaces/lib/python3.8/site-packages/custom_interfaces/msg
[12.392s] -- Installing: /home/bensalem/paltech_assignment/install/custom_interfaces/lib/python3.8/site-packages/custom_interfaces/msg/_waypoint.py
[12.393s] -- Installing: /home/bensalem/paltech_assignment/install/custom_interfaces/lib/python3.8/site-packages/custom_interfaces/msg/__init__.py
[12.393s] -- Installing: /home/bensalem/paltech_assignment/install/custom_interfaces/lib/python3.8/site-packages/custom_interfaces/msg/_waypoint_s.c
[12.393s] -- Installing: /home/bensalem/paltech_assignment/install/custom_interfaces/lib/python3.8/site-packages/custom_interfaces/srv
[12.393s] -- Installing: /home/bensalem/paltech_assignment/install/custom_interfaces/lib/python3.8/site-packages/custom_interfaces/srv/_set_waypoints_s.c
[12.394s] -- Installing: /home/bensalem/paltech_assignment/install/custom_interfaces/lib/python3.8/site-packages/custom_interfaces/srv/_get_waypoints.py
[12.394s] -- Installing: /home/bensalem/paltech_assignment/install/custom_interfaces/lib/python3.8/site-packages/custom_interfaces/srv/__init__.py
[12.394s] -- Installing: /home/bensalem/paltech_assignment/install/custom_interfaces/lib/python3.8/site-packages/custom_interfaces/srv/_get_waypoints_s.c
[12.394s] -- Installing: /home/bensalem/paltech_assignment/install/custom_interfaces/lib/python3.8/site-packages/custom_interfaces/srv/_set_waypoints.py
[12.395s] -- Installing: /home/bensalem/paltech_assignment/install/custom_interfaces/lib/python3.8/site-packages/custom_interfaces/custom_interfaces_s__rosidl_typesupport_fastrtps_c.cpython-38-x86_64-linux-gnu.so
[12.396s] -- Set runtime path of "/home/bensalem/paltech_assignment/install/custom_interfaces/lib/python3.8/site-packages/custom_interfaces/custom_interfaces_s__rosidl_typesupport_fastrtps_c.cpython-38-x86_64-linux-gnu.so" to ""
[12.397s] -- Installing: /home/bensalem/paltech_assignment/install/custom_interfaces/lib/python3.8/site-packages/custom_interfaces/custom_interfaces_s__rosidl_typesupport_introspection_c.cpython-38-x86_64-linux-gnu.so
[12.397s] -- Set runtime path of "/home/bensalem/paltech_assignment/install/custom_interfaces/lib/python3.8/site-packages/custom_interfaces/custom_interfaces_s__rosidl_typesupport_introspection_c.cpython-38-x86_64-linux-gnu.so" to ""
[12.397s] -- Installing: /home/bensalem/paltech_assignment/install/custom_interfaces/lib/python3.8/site-packages/custom_interfaces/custom_interfaces_s__rosidl_typesupport_c.cpython-38-x86_64-linux-gnu.so
[12.398s] -- Set runtime path of "/home/bensalem/paltech_assignment/install/custom_interfaces/lib/python3.8/site-packages/custom_interfaces/custom_interfaces_s__rosidl_typesupport_c.cpython-38-x86_64-linux-gnu.so" to ""
[12.398s] -- Installing: /home/bensalem/paltech_assignment/install/custom_interfaces/lib/libcustom_interfaces__python.so
[12.398s] -- Set runtime path of "/home/bensalem/paltech_assignment/install/custom_interfaces/lib/libcustom_interfaces__python.so" to ""
[12.399s] -- Installing: /home/bensalem/paltech_assignment/install/custom_interfaces/share/custom_interfaces/msg/Waypoint.idl
[12.399s] -- Installing: /home/bensalem/paltech_assignment/install/custom_interfaces/share/custom_interfaces/srv/SetWaypoints.idl
[12.399s] -- Installing: /home/bensalem/paltech_assignment/install/custom_interfaces/share/custom_interfaces/srv/GetWaypoints.idl
[12.399s] -- Installing: /home/bensalem/paltech_assignment/install/custom_interfaces/share/custom_interfaces/msg/Waypoint.msg
[12.399s] -- Installing: /home/bensalem/paltech_assignment/install/custom_interfaces/share/custom_interfaces/srv/SetWaypoints.srv
[12.400s] -- Installing: /home/bensalem/paltech_assignment/install/custom_interfaces/share/custom_interfaces/srv/SetWaypoints_Request.msg
[12.400s] -- Installing: /home/bensalem/paltech_assignment/install/custom_interfaces/share/custom_interfaces/srv/SetWaypoints_Response.msg
[12.400s] -- Installing: /home/bensalem/paltech_assignment/install/custom_interfaces/share/custom_interfaces/srv/GetWaypoints.srv
[12.400s] -- Installing: /home/bensalem/paltech_assignment/install/custom_interfaces/share/custom_interfaces/srv/GetWaypoints_Request.msg
[12.401s] -- Installing: /home/bensalem/paltech_assignment/install/custom_interfaces/share/custom_interfaces/srv/GetWaypoints_Response.msg
[12.401s] -- Installing: /home/bensalem/paltech_assignment/install/custom_interfaces/share/ament_index/resource_index/package_run_dependencies/custom_interfaces
[12.401s] -- Installing: /home/bensalem/paltech_assignment/install/custom_interfaces/share/ament_index/resource_index/parent_prefix_path/custom_interfaces
[12.402s] -- Installing: /home/bensalem/paltech_assignment/install/custom_interfaces/share/custom_interfaces/environment/ament_prefix_path.sh
[12.402s] -- Installing: /home/bensalem/paltech_assignment/install/custom_interfaces/share/custom_interfaces/environment/ament_prefix_path.dsv
[12.402s] -- Installing: /home/bensalem/paltech_assignment/install/custom_interfaces/share/custom_interfaces/environment/path.sh
[12.402s] -- Installing: /home/bensalem/paltech_assignment/install/custom_interfaces/share/custom_interfaces/environment/path.dsv
[12.403s] -- Installing: /home/bensalem/paltech_assignment/install/custom_interfaces/share/custom_interfaces/local_setup.bash
[12.403s] -- Installing: /home/bensalem/paltech_assignment/install/custom_interfaces/share/custom_interfaces/local_setup.sh
[12.403s] -- Installing: /home/bensalem/paltech_assignment/install/custom_interfaces/share/custom_interfaces/local_setup.zsh
[12.403s] -- Installing: /home/bensalem/paltech_assignment/install/custom_interfaces/share/custom_interfaces/local_setup.dsv
[12.403s] -- Installing: /home/bensalem/paltech_assignment/install/custom_interfaces/share/custom_interfaces/package.dsv
[12.404s] -- Installing: /home/bensalem/paltech_assignment/install/custom_interfaces/share/ament_index/resource_index/packages/custom_interfaces
[12.404s] -- Installing: /home/bensalem/paltech_assignment/install/custom_interfaces/share/custom_interfaces/cmake/custom_interfaces__rosidl_generator_cExport.cmake
[12.404s] -- Installing: /home/bensalem/paltech_assignment/install/custom_interfaces/share/custom_interfaces/cmake/custom_interfaces__rosidl_generator_cExport-noconfig.cmake
[12.404s] -- Installing: /home/bensalem/paltech_assignment/install/custom_interfaces/share/custom_interfaces/cmake/custom_interfaces__rosidl_typesupport_introspection_cExport.cmake
[12.405s] -- Installing: /home/bensalem/paltech_assignment/install/custom_interfaces/share/custom_interfaces/cmake/custom_interfaces__rosidl_typesupport_introspection_cExport-noconfig.cmake
[12.405s] -- Installing: /home/bensalem/paltech_assignment/install/custom_interfaces/share/custom_interfaces/cmake/custom_interfaces__rosidl_typesupport_cExport.cmake
[12.405s] -- Installing: /home/bensalem/paltech_assignment/install/custom_interfaces/share/custom_interfaces/cmake/custom_interfaces__rosidl_typesupport_cExport-noconfig.cmake
[12.405s] -- Installing: /home/bensalem/paltech_assignment/install/custom_interfaces/share/custom_interfaces/cmake/custom_interfaces__rosidl_generator_cppExport.cmake
[12.405s] -- Installing: /home/bensalem/paltech_assignment/install/custom_interfaces/share/custom_interfaces/cmake/custom_interfaces__rosidl_typesupport_introspection_cppExport.cmake
[12.406s] -- Installing: /home/bensalem/paltech_assignment/install/custom_interfaces/share/custom_interfaces/cmake/custom_interfaces__rosidl_typesupport_introspection_cppExport-noconfig.cmake
[12.406s] -- Installing: /home/bensalem/paltech_assignment/install/custom_interfaces/share/custom_interfaces/cmake/custom_interfaces__rosidl_typesupport_cppExport.cmake
[12.406s] -- Installing: /home/bensalem/paltech_assignment/install/custom_interfaces/share/custom_interfaces/cmake/custom_interfaces__rosidl_typesupport_cppExport-noconfig.cmake
[12.406s] -- Installing: /home/bensalem/paltech_assignment/install/custom_interfaces/share/custom_interfaces/cmake/rosidl_cmake-extras.cmake
[12.406s] -- Installing: /home/bensalem/paltech_assignment/install/custom_interfaces/share/custom_interfaces/cmake/ament_cmake_export_dependencies-extras.cmake
[12.406s] -- Installing: /home/bensalem/paltech_assignment/install/custom_interfaces/share/custom_interfaces/cmake/ament_cmake_export_libraries-extras.cmake
[12.407s] -- Installing: /home/bensalem/paltech_assignment/install/custom_interfaces/share/custom_interfaces/cmake/ament_cmake_export_targets-extras.cmake
[12.407s] -- Installing: /home/bensalem/paltech_assignment/install/custom_interfaces/share/custom_interfaces/cmake/ament_cmake_export_include_directories-extras.cmake
[12.407s] -- Installing: /home/bensalem/paltech_assignment/install/custom_interfaces/share/custom_interfaces/cmake/rosidl_cmake_export_typesupport_libraries-extras.cmake
[12.407s] -- Installing: /home/bensalem/paltech_assignment/install/custom_interfaces/share/custom_interfaces/cmake/rosidl_cmake_export_typesupport_targets-extras.cmake
[12.407s] -- Installing: /home/bensalem/paltech_assignment/install/custom_interfaces/share/custom_interfaces/cmake/custom_interfacesConfig.cmake
[12.408s] -- Installing: /home/bensalem/paltech_assignment/install/custom_interfaces/share/custom_interfaces/cmake/custom_interfacesConfig-version.cmake
[12.408s] -- Installing: /home/bensalem/paltech_assignment/install/custom_interfaces/share/custom_interfaces/package.xml
[12.411s] Invoked command in '/home/bensalem/paltech_assignment/build/custom_interfaces' returned '0': CMAKE_PREFIX_PATH=${CMAKE_PREFIX_PATH}:/opt/ros/foxy WSLENV=ELECTRON_RUN_AS_NODE/w: /usr/bin/cmake --install /home/bensalem/paltech_assignment/build/custom_interfaces
